<?xml version="1.0" encoding="UTF-8"?>
<!-- Generated by org.testng.reporters.JUnitReportReporter -->
<testsuite hostname="LAPTOP-M43Q92GO" failures="1" tests="2" name="cucumberOptions.TestngTestRunner" time="432.675" errors="0" timestamp="2024-05-16T18:24:05 IST" skipped="0">
  <testcase classname="cucumberOptions.TestngTestRunner" name="runScenario" time="216.338">
    <failure message="expected [Beetroot] but found [No data]" type="java.lang.AssertionError">
      <![CDATA[java.lang.AssertionError: expected [Beetroot] but found [No data]
at org.testng.Assert.fail(Assert.java:99)
at org.testng.Assert.failNotEquals(Assert.java:1037)
at org.testng.Assert.assertEqualsImpl(Assert.java:140)
at org.testng.Assert.assertEquals(Assert.java:122)
at org.testng.Assert.assertEquals(Assert.java:629)
at org.testng.Assert.assertEquals(Assert.java:639)
at stepDefination.OfferPageStepDefinition.validate_product_name_in_Offers_page(OfferPageStepDefinition.java:59)
at ✽.validate product name in offers page matches with Landing Page(file:///C:/Users/Hidayath/eclipse-workspace/CucumberFrameworkByRahulShetty/src/test/java/features/SearchProduct.feature:8)
]]>
    </failure>
  </testcase> <!-- runScenario -->
  <system-out/>
  <testcase classname="cucumberOptions.TestngTestRunner" name="runScenario" time="216.337"/>
  <system-out/>
</testsuite> <!-- cucumberOptions.TestngTestRunner -->
